<?xml version="1.0" encoding="UTF-8"?>
<testsuite name="com.tools.methylation.merger.ReaderTest" tests="1" skipped="0" failures="0" errors="0" timestamp="2015-03-14T18:09:42" hostname="Connors-MacBook-Pro-2.local" time="0.017">
  <properties/>
  <testcase name="testRead" classname="com.tools.methylation.merger.ReaderTest" time="0.017"/>
  <system-out><![CDATA[]]></system-out>
  <system-err><![CDATA[]]></system-err>
</testsuite>
