<?xml version="1.0" encoding="UTF-8"?>
<testsuite name="com.tools.io.SequenceDictionaryTest" tests="1" skipped="0" failures="0" errors="0" timestamp="2015-03-14T18:09:40" hostname="Connors-MacBook-Pro-2.local" time="0.004">
  <properties/>
  <testcase name="testGetSortedContigs" classname="com.tools.io.SequenceDictionaryTest" time="0.004"/>
  <system-out><![CDATA[]]></system-out>
  <system-err><![CDATA[]]></system-err>
</testsuite>
