<?xml version="1.0" encoding="UTF-8"?>
<testsuite name="com.tools.io.MethylationCallReaderTest" tests="3" skipped="0" failures="0" errors="0" timestamp="2015-03-14T18:09:40" hostname="Connors-MacBook-Pro-2.local" time="0.005">
  <properties/>
  <testcase name="testNext" classname="com.tools.io.MethylationCallReaderTest" time="0.0"/>
  <testcase name="testHasNext" classname="com.tools.io.MethylationCallReaderTest" time="0.003"/>
  <testcase name="testSequenceDictionary" classname="com.tools.io.MethylationCallReaderTest" time="0.001"/>
  <system-out><![CDATA[]]></system-out>
  <system-err><![CDATA[]]></system-err>
</testsuite>
