<?xml version="1.0" encoding="UTF-8"?>
<testsuite name="com.tools.methylation.differential.SiteCallerTest" tests="2" skipped="0" failures="0" errors="0" timestamp="2015-03-14T18:09:41" hostname="Connors-MacBook-Pro-2.local" time="0.089">
  <properties/>
  <testcase name="testRun" classname="com.tools.methylation.differential.SiteCallerTest" time="0.05"/>
  <testcase name="testCall" classname="com.tools.methylation.differential.SiteCallerTest" time="0.039"/>
  <system-out><![CDATA[]]></system-out>
  <system-err><![CDATA[]]></system-err>
</testsuite>
