<?xml version="1.0" encoding="UTF-8"?>
<testsuite name="com.tools.methylation.merger.MergerIntegrationTest" tests="2" skipped="0" failures="0" errors="0" timestamp="2015-03-14T18:09:42" hostname="Connors-MacBook-Pro-2.local" time="0.267">
  <properties/>
  <testcase name="testColocated" classname="com.tools.methylation.merger.MergerIntegrationTest" time="0.134"/>
  <testcase name="testDisparate" classname="com.tools.methylation.merger.MergerIntegrationTest" time="0.133"/>
  <system-out><![CDATA[11:09:42.447 [TestSys-akka.actor.default-dispatcher-2] INFO  com.tools.actors.AbstractMaster - Read block 1
11:09:42.448 [TestSys-akka.actor.default-dispatcher-2] INFO  com.tools.actors.AbstractMaster - Finished Reading Blocks
11:09:42.449 [TestSys-akka.actor.default-dispatcher-6] INFO  com.tools.actors.AbstractMaster - Wrote block 1
11:09:42.449 [TestSys-akka.actor.default-dispatcher-6] INFO  com.tools.actors.AbstractMaster - Finished Writing Blocks
11:09:42.577 [TestSys-akka.actor.default-dispatcher-6] INFO  com.tools.actors.AbstractMaster - Read block 1
11:09:42.577 [TestSys-akka.actor.default-dispatcher-5] INFO  com.tools.actors.AbstractMaster - Wrote block 1
11:09:42.577 [TestSys-akka.actor.default-dispatcher-5] INFO  com.tools.actors.AbstractMaster - Read block 2
11:09:42.578 [TestSys-akka.actor.default-dispatcher-3] INFO  com.tools.actors.AbstractMaster - Read block 3
11:09:42.578 [TestSys-akka.actor.default-dispatcher-3] INFO  com.tools.actors.AbstractMaster - Wrote block 2
11:09:42.578 [TestSys-akka.actor.default-dispatcher-3] INFO  com.tools.actors.AbstractMaster - Finished Reading Blocks
11:09:42.578 [TestSys-akka.actor.default-dispatcher-3] INFO  com.tools.actors.AbstractMaster - Finished Reading Blocks
11:09:42.578 [TestSys-akka.actor.default-dispatcher-3] INFO  com.tools.actors.AbstractMaster - Wrote block 3
11:09:42.578 [TestSys-akka.actor.default-dispatcher-3] INFO  com.tools.actors.AbstractMaster - Finished Writing Blocks
11:09:42.578 [TestSys-akka.actor.default-dispatcher-3] INFO  com.tools.actors.AbstractMaster - Finished Reading Blocks
11:09:42.579 [TestSys-akka.actor.default-dispatcher-3] INFO  com.tools.actors.AbstractMaster - Finished Writing Blocks
[INFO] [03/14/2015 11:09:42.579] [TestSys-akka.actor.default-dispatcher-7] [akka://TestSys/user/$a/writer] Message [akka.actor.PoisonPill$] from Actor[akka://TestSys/user/$a#-244735174] to Actor[akka://TestSys/user/$a/writer#513414026] was not delivered. [1] dead letters encountered. This logging can be turned off or adjusted with configuration settings 'akka.log-dead-letters' and 'akka.log-dead-letters-during-shutdown'.
[INFO] [03/14/2015 11:09:42.580] [TestSys-akka.actor.default-dispatcher-8] [akka://TestSys/user/$a/worker] Message [akka.actor.PoisonPill$] from Actor[akka://TestSys/user/$a#-244735174] to Actor[akka://TestSys/user/$a/worker#125446227] was not delivered. [2] dead letters encountered. This logging can be turned off or adjusted with configuration settings 'akka.log-dead-letters' and 'akka.log-dead-letters-during-shutdown'.
]]></system-out>
  <system-err><![CDATA[]]></system-err>
</testsuite>
